This file contains any messages produced by compilers while
running configure, to aid debugging if configure makes a mistake.

It was created by ntstat2 configure 0.1, which was
generated by GNU Autoconf 2.68.  Invocation command line was

  $ ./configure 

## --------- ##
## Platform. ##
## --------- ##

hostname = taurus
uname -m = i686
uname -r = 3.2.0-26-generic-pae
uname -s = Linux
uname -v = #41-Ubuntu SMP Thu Jun 14 16:45:14 UTC 2012

/usr/bin/uname -p = unknown
/bin/uname -X     = unknown

/bin/arch              = unknown
/usr/bin/arch -k       = unknown
/usr/convex/getsysinfo = unknown
/usr/bin/hostinfo      = unknown
/bin/machine           = unknown
/usr/bin/oslevel       = unknown
/bin/universe          = unknown

PATH: /usr/java/jdk1.5.0_22/bin/
PATH: /usr/local/bin
PATH: /usr/bin
PATH: /bin
PATH: /usr/local/games
PATH: /usr/games
PATH: /home/oleg/android/android-sdk-linux_86/platform-tools/


## ----------- ##
## Core tests. ##
## ----------- ##

configure:2168: checking build system type
configure:2182: result: i686-pc-linux-gnu
configure:2202: checking host system type
configure:2215: result: i686-pc-linux-gnu
configure:2251: checking for a BSD-compatible install
configure:2319: result: /usr/bin/install -c
configure:2330: checking whether build environment is sane
configure:2380: result: yes
configure:2521: checking for a thread-safe mkdir -p
configure:2560: result: /bin/mkdir -p
configure:2573: checking for gawk
configure:2589: found /usr/bin/gawk
configure:2600: result: gawk
configure:2611: checking whether make sets $(MAKE)
configure:2633: result: yes
configure:2765: checking for gcc
configure:2781: found /usr/bin/gcc
configure:2792: result: gcc
configure:3021: checking for C compiler version
configure:3030: gcc --version >&5
gcc (Ubuntu/Linaro 4.6.3-1ubuntu5) 4.6.3
Copyright (C) 2011 Free Software Foundation, Inc.
This is free software; see the source for copying conditions.  There is NO
warranty; not even for MERCHANTABILITY or FITNESS FOR A PARTICULAR PURPOSE.

configure:3041: $? = 0
configure:3030: gcc -v >&5
Using built-in specs.
COLLECT_GCC=gcc
COLLECT_LTO_WRAPPER=/usr/lib/gcc/i686-linux-gnu/4.6/lto-wrapper
Target: i686-linux-gnu
Configured with: ../src/configure -v --with-pkgversion='Ubuntu/Linaro 4.6.3-1ubuntu5' --with-bugurl=file:///usr/share/doc/gcc-4.6/README.Bugs --enable-languages=c,c++,fortran,objc,obj-c++ --prefix=/usr --program-suffix=-4.6 --enable-shared --enable-linker-build-id --with-system-zlib --libexecdir=/usr/lib --without-included-gettext --enable-threads=posix --with-gxx-include-dir=/usr/include/c++/4.6 --libdir=/usr/lib --enable-nls --with-sysroot=/ --enable-clocale=gnu --enable-libstdcxx-debug --enable-libstdcxx-time=yes --enable-gnu-unique-object --enable-plugin --enable-objc-gc --enable-targets=all --disable-werror --with-arch-32=i686 --with-tune=generic --enable-checking=release --build=i686-linux-gnu --host=i686-linux-gnu --target=i686-linux-gnu
Thread model: posix
gcc version 4.6.3 (Ubuntu/Linaro 4.6.3-1ubuntu5) 
configure:3041: $? = 0
configure:3030: gcc -V >&5
gcc: error: unrecognized option '-V'
gcc: fatal error: no input files
compilation terminated.
configure:3041: $? = 4
configure:3030: gcc -qversion >&5
gcc: error: unrecognized option '-qversion'
gcc: fatal error: no input files
compilation terminated.
configure:3041: $? = 4
configure:3061: checking whether the C compiler works
configure:3083: gcc    conftest.c  >&5
configure:3087: $? = 0
configure:3135: result: yes
configure:3138: checking for C compiler default output file name
configure:3140: result: a.out
configure:3146: checking for suffix of executables
configure:3153: gcc -o conftest    conftest.c  >&5
configure:3157: $? = 0
configure:3179: result: 
configure:3201: checking whether we are cross compiling
configure:3209: gcc -o conftest    conftest.c  >&5
configure:3213: $? = 0
configure:3220: ./conftest
configure:3224: $? = 0
configure:3239: result: no
configure:3244: checking for suffix of object files
configure:3266: gcc -c   conftest.c >&5
configure:3270: $? = 0
configure:3291: result: o
configure:3295: checking whether we are using the GNU C compiler
configure:3314: gcc -c   conftest.c >&5
configure:3314: $? = 0
configure:3323: result: yes
configure:3332: checking whether gcc accepts -g
configure:3352: gcc -c -g  conftest.c >&5
configure:3352: $? = 0
configure:3393: result: yes
configure:3410: checking for gcc option to accept ISO C89
configure:3474: gcc  -c -g -O2  conftest.c >&5
configure:3474: $? = 0
configure:3487: result: none needed
configure:3518: checking for style of include used by make
configure:3546: result: GNU
configure:3572: checking dependency style of gcc
configure:3683: result: gcc3
configure:3703: checking how to run the C preprocessor
configure:3734: gcc -E  conftest.c
configure:3734: $? = 0
configure:3748: gcc -E  conftest.c
conftest.c:11:28: fatal error: ac_nonexistent.h: No such file or directory
compilation terminated.
configure:3748: $? = 1
configure: failed program was:
| /* confdefs.h */
| #define PACKAGE_NAME "ntstat2"
| #define PACKAGE_TARNAME "ntstat2"
| #define PACKAGE_VERSION "0.1"
| #define PACKAGE_STRING "ntstat2 0.1"
| #define PACKAGE_BUGREPORT "elenbert@gmail.com"
| #define PACKAGE_URL "https://github.com/elenbert/ntstat2"
| #define PACKAGE "ntstat2"
| #define VERSION "0.1"
| /* end confdefs.h.  */
| #include <ac_nonexistent.h>
configure:3773: result: gcc -E
configure:3793: gcc -E  conftest.c
configure:3793: $? = 0
configure:3807: gcc -E  conftest.c
conftest.c:11:28: fatal error: ac_nonexistent.h: No such file or directory
compilation terminated.
configure:3807: $? = 1
configure: failed program was:
| /* confdefs.h */
| #define PACKAGE_NAME "ntstat2"
| #define PACKAGE_TARNAME "ntstat2"
| #define PACKAGE_VERSION "0.1"
| #define PACKAGE_STRING "ntstat2 0.1"
| #define PACKAGE_BUGREPORT "elenbert@gmail.com"
| #define PACKAGE_URL "https://github.com/elenbert/ntstat2"
| #define PACKAGE "ntstat2"
| #define VERSION "0.1"
| /* end confdefs.h.  */
| #include <ac_nonexistent.h>
configure:3837: checking for grep that handles long lines and -e
configure:3895: result: /bin/grep
configure:3900: checking for egrep
configure:3962: result: /bin/grep -E
configure:3968: checking whether gcc needs -traditional
configure:4002: result: no
configure:4059: checking for memset
configure:4059: gcc -o conftest -g -O2 -Wall   conftest.c  >&5
conftest.c:35:6: warning: conflicting types for built-in function 'memset' [enabled by default]
configure:4059: $? = 0
configure:4059: result: yes
configure:4309: checking for timer_create in -lrt
configure:4334: gcc -o conftest -g -O2 -Wall   conftest.c -lrt   >&5
configure:4334: $? = 0
configure:4343: result: yes
configure:4354: checking for pthread_create in -lpthread
configure:4379: gcc -o conftest -g -O2 -Wall   conftest.c -lpthread  -lrt  >&5
configure:4379: $? = 0
configure:4388: result: yes
configure:4400: checking for ANSI C header files
configure:4420: gcc -c -g -O2 -Wall  conftest.c >&5
configure:4420: $? = 0
configure:4493: gcc -o conftest -g -O2 -Wall   conftest.c -lpthread -lrt  >&5
configure:4493: $? = 0
configure:4493: ./conftest
configure:4493: $? = 0
configure:4504: result: yes
configure:4515: checking limits.h usability
configure:4515: gcc -c -g -O2 -Wall  conftest.c >&5
configure:4515: $? = 0
configure:4515: result: yes
configure:4515: checking limits.h presence
configure:4515: gcc -E  conftest.c
configure:4515: $? = 0
configure:4515: result: yes
configure:4515: checking for limits.h
configure:4515: result: yes
configure:4515: checking stdlib.h usability
configure:4515: gcc -c -g -O2 -Wall  conftest.c >&5
configure:4515: $? = 0
configure:4515: result: yes
configure:4515: checking stdlib.h presence
configure:4515: gcc -E  conftest.c
configure:4515: $? = 0
configure:4515: result: yes
configure:4515: checking for stdlib.h
configure:4515: result: yes
configure:4515: checking string.h usability
configure:4515: gcc -c -g -O2 -Wall  conftest.c >&5
configure:4515: $? = 0
configure:4515: result: yes
configure:4515: checking string.h presence
configure:4515: gcc -E  conftest.c
configure:4515: $? = 0
configure:4515: result: yes
configure:4515: checking for string.h
configure:4515: result: yes
configure:4515: checking unistd.hmath.h usability
configure:4515: gcc -c -g -O2 -Wall  conftest.c >&5
conftest.c:52:26: fatal error: unistd.hmath.h: No such file or directory
compilation terminated.
configure:4515: $? = 1
configure: failed program was:
| /* confdefs.h */
| #define PACKAGE_NAME "ntstat2"
| #define PACKAGE_TARNAME "ntstat2"
| #define PACKAGE_VERSION "0.1"
| #define PACKAGE_STRING "ntstat2 0.1"
| #define PACKAGE_BUGREPORT "elenbert@gmail.com"
| #define PACKAGE_URL "https://github.com/elenbert/ntstat2"
| #define PACKAGE "ntstat2"
| #define VERSION "0.1"
| #define HAVE_LINUX 1
| #define HAVE_MEMSET 1
| #define HAVE_LIBRT 1
| #define HAVE_LIBPTHREAD 1
| #define STDC_HEADERS 1
| #define HAVE_LIMITS_H 1
| #define HAVE_STDLIB_H 1
| #define HAVE_STRING_H 1
| /* end confdefs.h.  */
| #include <stdio.h>
| #ifdef HAVE_SYS_TYPES_H
| # include <sys/types.h>
| #endif
| #ifdef HAVE_SYS_STAT_H
| # include <sys/stat.h>
| #endif
| #ifdef STDC_HEADERS
| # include <stdlib.h>
| # include <stddef.h>
| #else
| # ifdef HAVE_STDLIB_H
| #  include <stdlib.h>
| # endif
| #endif
| #ifdef HAVE_STRING_H
| # if !defined STDC_HEADERS && defined HAVE_MEMORY_H
| #  include <memory.h>
| # endif
| # include <string.h>
| #endif
| #ifdef HAVE_STRINGS_H
| # include <strings.h>
| #endif
| #ifdef HAVE_INTTYPES_H
| # include <inttypes.h>
| #endif
| #ifdef HAVE_STDINT_H
| # include <stdint.h>
| #endif
| #ifdef HAVE_UNISTD_H
| # include <unistd.h>
| #endif
| #include <unistd.hmath.h>
configure:4515: result: no
configure:4515: checking unistd.hmath.h presence
configure:4515: gcc -E  conftest.c
conftest.c:19:26: fatal error: unistd.hmath.h: No such file or directory
compilation terminated.
configure:4515: $? = 1
configure: failed program was:
| /* confdefs.h */
| #define PACKAGE_NAME "ntstat2"
| #define PACKAGE_TARNAME "ntstat2"
| #define PACKAGE_VERSION "0.1"
| #define PACKAGE_STRING "ntstat2 0.1"
| #define PACKAGE_BUGREPORT "elenbert@gmail.com"
| #define PACKAGE_URL "https://github.com/elenbert/ntstat2"
| #define PACKAGE "ntstat2"
| #define VERSION "0.1"
| #define HAVE_LINUX 1
| #define HAVE_MEMSET 1
| #define HAVE_LIBRT 1
| #define HAVE_LIBPTHREAD 1
| #define STDC_HEADERS 1
| #define HAVE_LIMITS_H 1
| #define HAVE_STDLIB_H 1
| #define HAVE_STRING_H 1
| /* end confdefs.h.  */
| #include <unistd.hmath.h>
configure:4515: result: no
configure:4515: checking for unistd.hmath.h
configure:4515: result: no
configure:4515: checking sys/param.h usability
configure:4515: gcc -c -g -O2 -Wall  conftest.c >&5
configure:4515: $? = 0
configure:4515: result: yes
configure:4515: checking sys/param.h presence
configure:4515: gcc -E  conftest.c
configure:4515: $? = 0
configure:4515: result: yes
configure:4515: checking for sys/param.h
configure:4515: result: yes
configure:4515: checking sys/socket.h usability
configure:4515: gcc -c -g -O2 -Wall  conftest.c >&5
configure:4515: $? = 0
configure:4515: result: yes
configure:4515: checking sys/socket.h presence
configure:4515: gcc -E  conftest.c
configure:4515: $? = 0
configure:4515: result: yes
configure:4515: checking for sys/socket.h
configure:4515: result: yes
configure:4515: checking sys/ioctl.h usability
configure:4515: gcc -c -g -O2 -Wall  conftest.c >&5
configure:4515: $? = 0
configure:4515: result: yes
configure:4515: checking sys/ioctl.h presence
configure:4515: gcc -E  conftest.c
configure:4515: $? = 0
configure:4515: result: yes
configure:4515: checking for sys/ioctl.h
configure:4515: result: yes
configure:4515: checking arpa/inet.h usability
configure:4515: gcc -c -g -O2 -Wall  conftest.c >&5
configure:4515: $? = 0
configure:4515: result: yes
configure:4515: checking arpa/inet.h presence
configure:4515: gcc -E  conftest.c
configure:4515: $? = 0
configure:4515: result: yes
configure:4515: checking for arpa/inet.h
configure:4515: result: yes
configure:4515: checking netinet/in.h usability
configure:4515: gcc -c -g -O2 -Wall  conftest.c >&5
configure:4515: $? = 0
configure:4515: result: yes
configure:4515: checking netinet/in.h presence
configure:4515: gcc -E  conftest.c
configure:4515: $? = 0
configure:4515: result: yes
configure:4515: checking for netinet/in.h
configure:4515: result: yes
configure:4515: checking net/if.h usability
configure:4515: gcc -c -g -O2 -Wall  conftest.c >&5
configure:4515: $? = 0
configure:4515: result: yes
configure:4515: checking net/if.h presence
configure:4515: gcc -E  conftest.c
configure:4515: $? = 0
configure:4515: result: yes
configure:4515: checking for net/if.h
configure:4515: result: yes
configure:4515: checking termios.h usability
configure:4515: gcc -c -g -O2 -Wall  conftest.c >&5
configure:4515: $? = 0
configure:4515: result: yes
configure:4515: checking termios.h presence
configure:4515: gcc -E  conftest.c
configure:4515: $? = 0
configure:4515: result: yes
configure:4515: checking for termios.h
configure:4515: result: yes
configure:4526: checking whether time.h and sys/time.h may both be included
configure:4546: gcc -c -g -O2 -Wall  conftest.c >&5
configure:4546: $? = 0
configure:4553: result: yes
configure:4720: creating ./config.status

## ---------------------- ##
## Running config.status. ##
## ---------------------- ##

This file was extended by ntstat2 config.status 0.1, which was
generated by GNU Autoconf 2.68.  Invocation command line was

  CONFIG_FILES    = 
  CONFIG_HEADERS  = 
  CONFIG_LINKS    = 
  CONFIG_COMMANDS = 
  $ ./config.status 

on taurus

config.status:882: creating Makefile
config.status:882: creating src/Makefile
config.status:882: creating config.h
config.status:1063: config.h is unchanged
config.status:1111: executing depfiles commands

## ---------------- ##
## Cache variables. ##
## ---------------- ##

ac_cv_build=i686-pc-linux-gnu
ac_cv_c_compiler_gnu=yes
ac_cv_env_CC_set=
ac_cv_env_CC_value=
ac_cv_env_CFLAGS_set=
ac_cv_env_CFLAGS_value=
ac_cv_env_CPPFLAGS_set=
ac_cv_env_CPPFLAGS_value=
ac_cv_env_CPP_set=
ac_cv_env_CPP_value=
ac_cv_env_LDFLAGS_set=
ac_cv_env_LDFLAGS_value=
ac_cv_env_LIBS_set=
ac_cv_env_LIBS_value=
ac_cv_env_build_alias_set=
ac_cv_env_build_alias_value=
ac_cv_env_host_alias_set=
ac_cv_env_host_alias_value=
ac_cv_env_target_alias_set=
ac_cv_env_target_alias_value=
ac_cv_func_memset=yes
ac_cv_header_arpa_inet_h=yes
ac_cv_header_limits_h=yes
ac_cv_header_net_if_h=yes
ac_cv_header_netinet_in_h=yes
ac_cv_header_stdc=yes
ac_cv_header_stdlib_h=yes
ac_cv_header_string_h=yes
ac_cv_header_sys_ioctl_h=yes
ac_cv_header_sys_param_h=yes
ac_cv_header_sys_socket_h=yes
ac_cv_header_termios_h=yes
ac_cv_header_time=yes
ac_cv_header_unistd_hmath_h=no
ac_cv_host=i686-pc-linux-gnu
ac_cv_lib_pthread_pthread_create=yes
ac_cv_lib_rt_timer_create=yes
ac_cv_objext=o
ac_cv_path_EGREP='/bin/grep -E'
ac_cv_path_GREP=/bin/grep
ac_cv_path_install='/usr/bin/install -c'
ac_cv_path_mkdir=/bin/mkdir
ac_cv_prog_AWK=gawk
ac_cv_prog_CPP='gcc -E'
ac_cv_prog_ac_ct_CC=gcc
ac_cv_prog_cc_c89=
ac_cv_prog_cc_g=yes
ac_cv_prog_gcc_traditional=no
ac_cv_prog_make_make_set=yes
am_cv_CC_dependencies_compiler_type=gcc3

## ----------------- ##
## Output variables. ##
## ----------------- ##

ACLOCAL='${SHELL} /home/oleg/my/ntstat2/missing --run aclocal-1.11'
AMDEPBACKSLASH='\'
AMDEP_FALSE='#'
AMDEP_TRUE=''
AMTAR='$${TAR-tar}'
AUTOCONF='${SHELL} /home/oleg/my/ntstat2/missing --run autoconf'
AUTOHEADER='${SHELL} /home/oleg/my/ntstat2/missing --run autoheader'
AUTOMAKE='${SHELL} /home/oleg/my/ntstat2/missing --run automake-1.11'
AWK='gawk'
CC='gcc'
CCDEPMODE='depmode=gcc3'
CFLAGS='-g -O2 -Wall'
CPP='gcc -E'
CPPFLAGS=''
CYGPATH_W='echo'
DEFS='-DHAVE_CONFIG_H'
DEPDIR='.deps'
ECHO_C=''
ECHO_N='-n'
ECHO_T=''
EGREP='/bin/grep -E'
EXEEXT=''
GREP='/bin/grep'
HAVE_ANDROID_FALSE=''
HAVE_ANDROID_TRUE='#'
HAVE_BSD_FALSE=''
HAVE_BSD_TRUE='#'
HAVE_LINUX_FALSE='#'
HAVE_LINUX_TRUE=''
INSTALL_DATA='${INSTALL} -m 644'
INSTALL_PROGRAM='${INSTALL}'
INSTALL_SCRIPT='${INSTALL}'
INSTALL_STRIP_PROGRAM='$(install_sh) -c -s'
LDFLAGS=''
LIBOBJS=''
LIBS='-lpthread -lrt '
LTLIBOBJS=''
MAKEINFO='${SHELL} /home/oleg/my/ntstat2/missing --run makeinfo'
MKDIR_P='/bin/mkdir -p'
OBJEXT='o'
PACKAGE='ntstat2'
PACKAGE_BUGREPORT='elenbert@gmail.com'
PACKAGE_NAME='ntstat2'
PACKAGE_STRING='ntstat2 0.1'
PACKAGE_TARNAME='ntstat2'
PACKAGE_URL='https://github.com/elenbert/ntstat2'
PACKAGE_VERSION='0.1'
PATH_SEPARATOR=':'
SET_MAKE=''
SHELL='/bin/bash'
STRIP=''
VERSION='0.1'
ac_ct_CC='gcc'
am__EXEEXT_FALSE=''
am__EXEEXT_TRUE='#'
am__fastdepCC_FALSE='#'
am__fastdepCC_TRUE=''
am__include='include'
am__isrc=''
am__leading_dot='.'
am__nodep='_no'
am__quote=''
am__tar='$${TAR-tar} chof - "$$tardir"'
am__untar='$${TAR-tar} xf -'
bindir='${exec_prefix}/bin'
build='i686-pc-linux-gnu'
build_alias=''
build_cpu='i686'
build_os='linux-gnu'
build_vendor='pc'
datadir='${datarootdir}'
datarootdir='${prefix}/share'
docdir='${datarootdir}/doc/${PACKAGE_TARNAME}'
dvidir='${docdir}'
exec_prefix='${prefix}'
host='i686-pc-linux-gnu'
host_alias=''
host_cpu='i686'
host_os='linux-gnu'
host_vendor='pc'
htmldir='${docdir}'
includedir='${prefix}/include'
infodir='${datarootdir}/info'
install_sh='${SHELL} /home/oleg/my/ntstat2/install-sh'
libdir='${exec_prefix}/lib'
libexecdir='${exec_prefix}/libexec'
localedir='${datarootdir}/locale'
localstatedir='${prefix}/var'
mandir='${datarootdir}/man'
mkdir_p='/bin/mkdir -p'
oldincludedir='/usr/include'
pdfdir='${docdir}'
prefix='/usr/local'
program_transform_name='s,x,x,'
psdir='${docdir}'
sbindir='${exec_prefix}/sbin'
sharedstatedir='${prefix}/com'
sysconfdir='${prefix}/etc'
target_alias=''

## ----------- ##
## confdefs.h. ##
## ----------- ##

/* confdefs.h */
#define PACKAGE_NAME "ntstat2"
#define PACKAGE_TARNAME "ntstat2"
#define PACKAGE_VERSION "0.1"
#define PACKAGE_STRING "ntstat2 0.1"
#define PACKAGE_BUGREPORT "elenbert@gmail.com"
#define PACKAGE_URL "https://github.com/elenbert/ntstat2"
#define PACKAGE "ntstat2"
#define VERSION "0.1"
#define HAVE_LINUX 1
#define HAVE_MEMSET 1
#define HAVE_LIBRT 1
#define HAVE_LIBPTHREAD 1
#define STDC_HEADERS 1
#define HAVE_LIMITS_H 1
#define HAVE_STDLIB_H 1
#define HAVE_STRING_H 1
#define HAVE_SYS_PARAM_H 1
#define HAVE_SYS_SOCKET_H 1
#define HAVE_SYS_IOCTL_H 1
#define HAVE_ARPA_INET_H 1
#define HAVE_NETINET_IN_H 1
#define HAVE_NET_IF_H 1
#define HAVE_TERMIOS_H 1
#define TIME_WITH_SYS_TIME 1

configure: exit 0

## ---------------------- ##
## Running config.status. ##
## ---------------------- ##

This file was extended by ntstat2 config.status 0.1, which was
generated by GNU Autoconf 2.68.  Invocation command line was

  CONFIG_FILES    = 
  CONFIG_HEADERS  = 
  CONFIG_LINKS    = 
  CONFIG_COMMANDS = 
  $ ./config.status config.h

on taurus

config.status:882: creating config.h
